<?xml version="1.0" encoding="UTF-8"?>
<!-- Generated by org.testng.reporters.JUnitReportReporter -->
<testsuite hostname="ArunKMR" failures="0" tests="1" name="TestRunner" time="0.120" errors="1" timestamp="2025-10-06T23:39:42 IST" skipped="0">
  <testcase classname="TestRunner" name="runScenario" time="0.120">
    <error message="The step &#039;url &#039;https://reqres.in/api/users/2&#039;&#039; and 2 other step(s) are undefined.
You can implement these steps using the snippet(s) below:

@Given(&quot;url {string}&quot;)
public void url(String string) {
    // Write code here that turns the phrase above into concrete actions
    throw new io.cucumber.java.PendingException();
}
@When(&quot;method GET&quot;)
public void method_get() {
    // Write code here that turns the phrase above into concrete actions
    throw new io.cucumber.java.PendingException();
}
@Then(&quot;status {int}&quot;)
public void status(Integer int1) {
    // Write code here that turns the phrase above into concrete actions
    throw new io.cucumber.java.PendingException();
}
" type="io.cucumber.testng.UndefinedStepException">
      <![CDATA[io.cucumber.testng.UndefinedStepException: The step 'url 'https://reqres.in/api/users/2'' and 2 other step(s) are undefined.
You can implement these steps using the snippet(s) below:

@Given("url {string}")
public void url(String string) {
    // Write code here that turns the phrase above into concrete actions
    throw new io.cucumber.java.PendingException();
}
@When("method GET")
public void method_get() {
    // Write code here that turns the phrase above into concrete actions
    throw new io.cucumber.java.PendingException();
}
@Then("status {int}")
public void status(Integer int1) {
    // Write code here that turns the phrase above into concrete actions
    throw new io.cucumber.java.PendingException();
}

at ✽.url 'https://reqres.in/api/users/2'(file:///C:/JavaAK2024/ArunEclipseWorkSpace2024/KarateTest/src/test/java/Demo.feature:24)
]]>
    </error>
  </testcase> <!-- runScenario -->
</testsuite> <!-- TestRunner -->
